\BOOKMARK [1][-]{section.1}{Introduction}{}% 1
\BOOKMARK [1][-]{section.2}{Methodology}{}% 2
\BOOKMARK [1][-]{section.3}{Volentix}{}% 3
\BOOKMARK [2][-]{subsection.3.1}{Venue is a dynamic community platform. }{section.3}% 4
\BOOKMARK [2][-]{subsection.3.2}{Verto wallet}{section.3}% 5
\BOOKMARK [2][-]{subsection.3.3}{Vespucci analytical engine}{section.3}% 6
\BOOKMARK [2][-]{subsection.3.4}{VDex}{section.3}% 7
\BOOKMARK [1][-]{section.4}{Architecture}{}% 8
\BOOKMARK [2][-]{subsubsection.4.0.1}{Overview}{section.4}% 9
\BOOKMARK [3][-]{subsubsection.4.0.2}{Operating system}{subsubsection.4.0.1}% 10
\BOOKMARK [3][-]{subsubsection.4.0.3}{Inter Contract Communication}{subsubsection.4.0.1}% 11
\BOOKMARK [3][-]{subsubsection.4.0.4}{Side Chains}{subsubsection.4.0.1}% 12
\BOOKMARK [3][-]{subsubsection.4.0.5}{Liquidity}{subsubsection.4.0.1}% 13
\BOOKMARK [3][-]{subsubsection.4.0.6}{Hashed timelock contracts \(Atomic Swaps\)}{subsubsection.4.0.1}% 14
\BOOKMARK [2][-]{subsection.4.1}{Network Topology}{section.4}% 15
\BOOKMARK [3][-]{subsubsection.4.1.1}{Nodes}{subsection.4.1}% 16
\BOOKMARK [3][-]{subsubsection.4.1.2}{Aggregators}{subsection.4.1}% 17
\BOOKMARK [3][-]{subsubsection.4.1.3}{Latency}{subsection.4.1}% 18
\BOOKMARK [2][-]{subsection.4.2}{OrderBook}{section.4}% 19
\BOOKMARK [3][-]{subsubsection.4.2.1}{Data structures}{subsection.4.2}% 20
\BOOKMARK [3][-]{subsubsection.4.2.2}{On-Chain order book}{subsection.4.2}% 21
\BOOKMARK [3][-]{subsubsection.4.2.3}{Off-Chain order book}{subsection.4.2}% 22
\BOOKMARK [3][-]{subsubsection.4.2.4}{Decentalization process of order book settlement}{subsection.4.2}% 23
\BOOKMARK [2][-]{subsection.4.3}{Order settlement}{section.4}% 24
\BOOKMARK [2][-]{subsection.4.4}{VTX}{section.4}% 25
\BOOKMARK [3][-]{subsubsection.4.4.1}{Token creation}{subsection.4.4}% 26
\BOOKMARK [3][-]{subsubsection.4.4.2}{Initial Token offering}{subsection.4.4}% 27
\BOOKMARK [3][-]{subsubsection.4.4.3}{Fee model}{subsection.4.4}% 28
\BOOKMARK [2][-]{subsection.4.5}{Inter blockchain communication}{section.4}% 29
\BOOKMARK [2][-]{subsection.4.6}{Security model}{section.4}% 30
\BOOKMARK [3][-]{subsubsection.4.6.1}{Introduction}{subsection.4.6}% 31
\BOOKMARK [3][-]{subsubsection.4.6.2}{General actions to be taken}{subsection.4.6}% 32
\BOOKMARK [3][-]{subsubsection.4.6.3}{Contract security}{subsection.4.6}% 33
\BOOKMARK [3][-]{subsubsection.4.6.4}{Malware detection by auditing processes}{subsection.4.6}% 34
\BOOKMARK [3][-]{subsubsection.4.6.5}{Random diversification}{subsection.4.6}% 35
\BOOKMARK [3][-]{subsubsection.4.6.6}{Multiple factor identification}{subsection.4.6}% 36
\BOOKMARK [3][-]{subsubsection.4.6.7}{Logs}{subsection.4.6}% 37
\BOOKMARK [3][-]{subsubsection.4.6.8}{Transaction as Proof of Stake \(TaPoS\)}{subsection.4.6}% 38
\BOOKMARK [3][-]{subsubsection.4.6.9}{Double spend}{subsection.4.6}% 39
\BOOKMARK [3][-]{subsubsection.4.6.10}{Front running}{subsection.4.6}% 40
\BOOKMARK [3][-]{subsubsection.4.6.11}{Forged identities}{subsection.4.6}% 41
\BOOKMARK [3][-]{subsubsection.4.6.12}{Insufficient Balance}{subsection.4.6}% 42
\BOOKMARK [3][-]{subsubsection.4.6.13}{Timing attack}{subsection.4.6}% 43
\BOOKMARK [3][-]{subsubsection.4.6.14}{Other EOS.IO security attributes}{subsection.4.6}% 44
\BOOKMARK [2][-]{subsection.4.7}{Inter blockchain communication}{section.4}% 45
\BOOKMARK [2][-]{subsection.4.8}{Multi blockchain}{section.4}% 46
\BOOKMARK [2][-]{subsection.4.9}{User experience}{section.4}% 47
\BOOKMARK [2][-]{subsection.4.10}{True decentralization}{section.4}% 48
\BOOKMARK [2][-]{subsection.4.11}{System recovery}{section.4}% 49
\BOOKMARK [2][-]{subsection.4.12}{Scalable and modular architecture}{section.4}% 50
\BOOKMARK [3][-]{subsubsection.4.12.1}{Problem decomposition}{subsection.4.12}% 51
\BOOKMARK [3][-]{subsubsection.4.12.2}{Minimize state space}{subsection.4.12}% 52
\BOOKMARK [1][-]{section.5}{Risk}{}% 53
\BOOKMARK [1][-]{section.6}{Timeline}{}% 54
\BOOKMARK [1][-]{section.7}{Conclusion}{}% 55
